<?xml version="1.0" encoding="UTF-8"?>
<!-- Generated by org.testng.reporters.JUnitXMLReporter -->
<testsuite ignored="0" hostname="DESKTOP-TVL2B46" failures="1" tests="6" name="POM Framework" time="47.877" errors="0" timestamp="27 Jul 2019 11:14:28 GMT">
  <testcase classname="testcases.Login_Page_Test" name="loginUsingCredentials" time="0.298"/>
  <testcase classname="testcases.Login_Page_Test" name="verifyTitle" time="0.015">
    <skipped/>
  </testcase> <!-- verifyTitle -->
  <testcase classname="testcases.Login_Page_Test" name="verifyTitle" time="0.009">
    <skipped/>
  </testcase> <!-- verifyTitle -->
  <testcase classname="testcases.Login_Page_Test" name="verifyTitle" time="0.014">
    <skipped/>
  </testcase> <!-- verifyTitle -->
  <testcase classname="testcases.Login_Page_Test" name="verifyTitle" time="0.012">
    <failure type="java.lang.AssertionError" message="expected [Online] but found [Online Shopping Site for Mobiles, Electronics, Furniture, Grocery, Lifestyle, Books &amp;amp; More. Best Offers!]">
      <![CDATA[java.lang.AssertionError: expected [Online] but found [Online Shopping Site for Mobiles, Electronics, Furniture, Grocery, Lifestyle, Books & More. Best Offers!]
at testcases.Login_Page_Test.verifyTitle(Login_Page_Test.java:36)
... Removed 31 stack frames]]>
    </failure>
  </testcase> <!-- verifyTitle -->
  <testcase classname="testcases.Home_Page_Test" name="verifyclick" time="1.408"/>
</testsuite> <!-- POM Framework -->
